<?xml version="1.0" encoding="UTF-8"?>
<!-- Generated by org.testng.reporters.JUnitReportReporter -->
<testsuite skipped="0" hostname="Tejaswis-MBP" name="TestCases.LowerMenuTest" tests="5" failures="0" timestamp="2021-03-27T19:09:48 IST" time="82.995" errors="0">
  <testcase name="BookfullbodyCheckups" time="17.971" classname="TestCases.LowerMenuTest"/>
  <system-out/>
  <testcase name="searchfordoctorsTest" time="15.286" classname="TestCases.LowerMenuTest"/>
  <system-out/>
  <testcase name="searchforhospitalsTest" time="14.794" classname="TestCases.LowerMenuTest"/>
  <system-out/>
  <testcase name="searchforclinicTest" time="15.508" classname="TestCases.LowerMenuTest"/>
  <system-out/>
  <testcase name="BookDiagnosticTest" time="19.436" classname="TestCases.LowerMenuTest"/>
  <system-out/>
</testsuite> <!-- TestCases.LowerMenuTest -->
