<?xml version="1.0" encoding="UTF-8"?>
<!-- Generated by org.testng.reporters.JUnitReportReporter -->
<testsuite skipped="0" hostname="Tejaswis-MBP" name="TestCases.TopMenuTest" tests="5" failures="0" timestamp="2021-03-27T19:09:48 IST" time="56.288" errors="0">
  <testcase name="pharmacyButtontest" time="11.138" classname="TestCases.TopMenuTest"/>
  <system-out/>
  <testcase name="homeButtontest" time="9.466" classname="TestCases.TopMenuTest"/>
  <system-out/>
  <testcase name="doctorsButtontest" time="11.435" classname="TestCases.TopMenuTest"/>
  <system-out/>
  <testcase name="diagnosticsButtontest" time="11.871" classname="TestCases.TopMenuTest"/>
  <system-out/>
  <testcase name="consultButtontest" time="12.378" classname="TestCases.TopMenuTest"/>
  <system-out/>
</testsuite> <!-- TestCases.TopMenuTest -->
