<?xml version="1.0" encoding="UTF-8"?>
<!-- Generated by org.testng.reporters.JUnitReportReporter -->
<testsuite skipped="0" hostname="Tejaswis-MBP" name="TestCases.DiagnosticTest" tests="1" failures="0" timestamp="2021-03-27T19:09:48 IST" time="19.971" errors="0">
  <testcase name="topCitiesTest" time="19.971" classname="TestCases.DiagnosticTest"/>
  <system-out/>
</testsuite> <!-- TestCases.DiagnosticTest -->
