<?xml version="1.0" encoding="UTF-8"?>
<!-- Generated by org.testng.reporters.JUnitReportReporter -->
<testsuite skipped="0" hostname="Tejaswis-MBP" name="TestCases.CorporateWellnessTest" tests="1" failures="0" timestamp="2021-03-27T19:09:48 IST" time="14.761" errors="0">
  <testcase name="corporateWellnessTest" time="14.761" classname="TestCases.CorporateWellnessTest"/>
  <system-out/>
</testsuite> <!-- TestCases.CorporateWellnessTest -->
